<?xml version="1.0" encoding="UTF-8"?>
<testng-results total="1" passed="1" failed="0" skipped="0">
  <reporter-output>
  </reporter-output>
  <suite started-at="2020-12-17T23:02:43Z" name="Suite TODOS" finished-at="2020-12-17T23:02:52Z" duration-ms="8292">
    <groups>
    </groups>
    <test started-at="2020-12-17T23:02:43Z" name="Test" finished-at="2020-12-17T23:02:52Z" duration-ms="8292">
      <class name="com.todos.tests.AddTodoTest">
        <test-method is-config="true" signature="setupTest(java.lang.String)[pri:0, instance:com.todos.tests.AddTodoTest@6986852]" started-at="2020-12-18T00:02:43Z" name="setupTest" finished-at="2020-12-18T00:02:50Z" duration-ms="6943" status="PASS">
          <params>
            <param index="0">
              <value>
                <![CDATA[chrome]]>
              </value>
            </param>
          </params>
          <reporter-output>
          </reporter-output>
        </test-method> <!-- setupTest -->
        <test-method signature="iCanAddTodo()[pri:0, instance:com.todos.tests.AddTodoTest@6986852]" started-at="2020-12-18T00:02:50Z" name="iCanAddTodo" finished-at="2020-12-18T00:02:51Z" duration-ms="287" status="PASS">
          <reporter-output>
          </reporter-output>
        </test-method> <!-- iCanAddTodo -->
        <test-method is-config="true" signature="cleanTest()[pri:0, instance:com.todos.tests.AddTodoTest@6986852]" started-at="2020-12-18T00:02:51Z" name="cleanTest" finished-at="2020-12-18T00:02:52Z" duration-ms="1053" status="PASS">
          <reporter-output>
          </reporter-output>
        </test-method> <!-- cleanTest -->
      </class> <!-- com.todos.tests.AddTodoTest -->
    </test> <!-- Test -->
  </suite> <!-- Suite TODOS -->
</testng-results>
